3300.42   H2O_H-bonded   DVR/snapshot-000100-281-59.xyz_H281-O279.dvr
3436.45   H2O_H-bonded   DVR/snapshot-000150-280-59.xyz_H280-O279.dvr
3382.03   H2O_H-bonded   DVR/snapshot-000200-280-59.xyz_H280-O279.dvr
3360.05   H2O_H-bonded   DVR/snapshot-000350-280-59.xyz_H280-O279.dvr
3709.4   NOT_H-bonded   DVR/snapshot-002850-181.xyz_H181-O180.dvr
3647.54   NOT_H-bonded   DVR/snapshot-002900-181.xyz_H181-O180.dvr
3683.93   NOT_H-bonded   DVR/snapshot-003100-191-181-199.xyz_H181-O180.dvr
3703.93   NOT_H-bonded   DVR/snapshot-004100-224.xyz_H224-O222.dvr
3670.12   NOT_H-bonded   DVR/snapshot-004150-224.xyz_H224-O222.dvr
3654.3   NOT_H-bonded   DVR/snapshot-004200-224.xyz_H224-O222.dvr
3710.58   NOT_H-bonded   DVR/snapshot-004250-224.xyz_H224-O222.dvr
3643.06   CO2_H-bonded   DVR/snapshot-004350-134-199.xyz_H134-O132.dvr
3535.59   H2O_H-bonded   DVR/snapshot-004500-133.xyz_H133-O132.dvr
3668.44   NOT_H-bonded   DVR/snapshot-004600-134-199.xyz_H134-O132.dvr
3638.55   NOT_H-bonded   DVR/snapshot-004650-118-134-199.xyz_H134-O132.dvr
3576.47   H2O_H-bonded   DVR/snapshot-004750-233-133.xyz_H133-O132.dvr
3735.93   NOT_H-bonded   DVR/snapshot-004750-233-133.xyz_H233-O231.dvr
3625.43   H2O_H-bonded   DVR/snapshot-004800-233-133-118.xyz_H133-O132.dvr
3740.8   NOT_H-bonded   DVR/snapshot-004800-233-133-118.xyz_H233-O231.dvr
3673.06   H2O_H-bonded   DVR/snapshot-004850-233-199.xyz_H233-O231.dvr
3723.15   NOT_H-bonded   DVR/snapshot-004900-233-199.xyz_H233-O231.dvr
3703.71   NOT_H-bonded   DVR/snapshot-004950-200-233.xyz_H233-O231.dvr
3682.4   CO2_H-bonded   DVR/snapshot-005000-200-233.xyz_H233-O231.dvr
3693.42   NOT_H-bonded   DVR/snapshot-005050-233.xyz_H233-O231.dvr
3551.17   H2O_H-bonded   DVR/snapshot-005950-233.xyz_H233-O231.dvr
3704.16   NOT_H-bonded   DVR/snapshot-006350-200-62.xyz_H062-O060.dvr
3732.31   NOT_H-bonded   DVR/snapshot-006400-200-62.xyz_H062-O060.dvr
3705.08   NOT_H-bonded   DVR/snapshot-006450-62.xyz_H062-O060.dvr
3724.14   NOT_H-bonded   DVR/snapshot-006500-62.xyz_H062-O060.dvr
3658.92   NOT_H-bonded   DVR/snapshot-006550-62.xyz_H062-O060.dvr
3700.88   H2O_H-bonded   DVR/snapshot-006600-62.xyz_H062-O060.dvr
3707.23   H2O_H-bonded   DVR/snapshot-006650-62.xyz_H062-O060.dvr
3645.98   H2O_H-bonded   DVR/snapshot-006700-200-62.xyz_H062-O060.dvr
3709.66   NOT_H-bonded   DVR/snapshot-006750-200-62.xyz_H062-O060.dvr
3681.21   NOT_H-bonded   DVR/snapshot-006800-200-62.xyz_H062-O060.dvr
3682.88   NOT_H-bonded   DVR/snapshot-006850-200-62.xyz_H062-O060.dvr
3704.9   H2O_H-bonded   DVR/snapshot-006900-200-62.xyz_H062-O060.dvr
3600.96   NOT_H-bonded   DVR/snapshot-007250-272.xyz_H272-O270.dvr
3663.54   NOT_H-bonded   DVR/snapshot-007350-62.xyz_H062-O060.dvr
3710.52   NOT_H-bonded   DVR/snapshot-007400-200-62.xyz_H062-O060.dvr
3708.11   NOT_H-bonded   DVR/snapshot-007450-62.xyz_H062-O060.dvr
3717.28   NOT_H-bonded   DVR/snapshot-007500-62.xyz_H062-O060.dvr
3751   NOT_H-bonded   DVR/snapshot-007550-62.xyz_H062-O060.dvr
3722   NOT_H-bonded   DVR/snapshot-007900-223.xyz_H223-O222.dvr
3703.76   CO2_H-bonded   DVR/snapshot-007950-223.xyz_H223-O222.dvr
3805.29   CO2_H-bonded   DVR/snapshot-008000-223.xyz_H223-O222.dvr
3651.37   CO2_H-bonded   DVR/snapshot-008050-223.xyz_H223-O222.dvr
3766.86   CO2_H-bonded   DVR/snapshot-008100-223.xyz_H223-O222.dvr
3698.48   CO2_H-bonded   DVR/snapshot-008150-223.xyz_H223-O222.dvr
3692.41   CO2_H-bonded   DVR/snapshot-008200-223.xyz_H223-O222.dvr
